"../../../Engine/Content/Functions/Engine_MaterialFunctions01/Shading/PowerToRoughness.uasset" 0
"../../../Engine/Content/Functions/Engine_MaterialFunctions01/Shading/ConvertFromDiffSpec.uasset" 1
"../../../Engine/Content/EngineMaterials/DefaultDiffuse.uasset" 2
"../../../Engine/Content/EngineMaterials/DefaultDeferredDecalMaterial.uasset" 3
"../../../Engine/Content/EngineMaterials/DefaultLightFunctionMaterial.uasset" 4
"../../../Engine/Content/Functions/Engine_MaterialFunctions02/Utility/BreakOutFloat2Components.uasset" 5
"../../../Engine/Content/EngineMaterials/DefaultPostProcessMaterial.uasset" 6
"../../../Engine/Content/EditorMaterials/Camera/CineMat.uasset" 7
"../../../Engine/Content/EditorMaterials/Camera/MI_CineMat_Rig.uasset" 8
"../../../Engine/Content/EditorMeshes/Camera/SM_CraneRig_Base.uasset" 9
"../../../Engine/Content/EditorMeshes/Camera/SM_CraneRig_Arm.uasset" 10
"../../../Engine/Content/EditorMeshes/Camera/SM_CraneRig_Mount.uasset" 11
"../../../Engine/Content/EditorMeshes/Camera/SM_CraneRig_Body.uasset" 12
"../../../Engine/Content/EditorMeshes/Camera/SM_RailRig_Track.uasset" 13
"../../../Engine/Content/EditorMeshes/Camera/SM_RailRig_Mount.uasset" 14
"../../../Engine/Content/EngineResources/AICON-Red.uasset" 15
"../../../Engine/Content/EngineResources/AICON-Green.uasset" 16
"../../../Engine/Content/EngineFonts/Roboto.uasset" 17
"../../../Engine/Content/EngineResources/DefaultTexture.uasset" 18
"../../../Engine/Content/Functions/Engine_MaterialFunctions01/Texturing/ScaleUVsByCenter.uasset" 19
"../../../Engine/Content/Functions/Engine_MaterialFunctions02/ScreenResolution.uasset" 20
"../../../Engine/Content/Functions/Engine_MaterialFunctions02/Texturing/ScreenAlignedUVs.uasset" 21
"../../../Engine/Content/EngineResources/WhiteSquareTexture.uasset" 22
"../../../Engine/Content/EngineMaterials/Widget3DPassThrough.uasset" 23
"../../../Engine/Content/EngineMaterials/Widget3DPassThrough_Translucent.uasset" 24
"../../../Engine/Content/EngineMaterials/Widget3DPassThrough_Translucent_OneSided.uasset" 25
"../../../Engine/Content/EngineMaterials/Widget3DPassThrough_Opaque.uasset" 26
"../../../Engine/Content/EngineMaterials/Widget3DPassThrough_Opaque_OneSided.uasset" 27
"../../../Engine/Content/EngineMaterials/Widget3DPassThrough_Masked.uasset" 28
"../../../Engine/Content/EngineMaterials/Widget3DPassThrough_Masked_OneSided.uasset" 29
"../../../Engine/Content/EditorResources/S_Actor.uasset" 30
"../../../Engine/Content/EngineSky/EpicQuadPanorama_CC+EV1.uasset" 31
"../../../Engine/Content/Maps/Templates/Thumbnails/Default.uasset" 32
"../../../Engine/Content/Maps/Templates/Thumbnails/VR-Basic.uasset" 33
"../../../Engine/Content/EditorMaterials/ParticleSystems/PSysThumbnail_NoImage.uasset" 34
"../../../Engine/Content/EditorMaterials/ParticleSystems/PSysThumbnail_OOD.uasset" 35
"../../../Engine/Content/EditorLandscapeResources/DataLayer.uasset" 36
"../../../Engine/Content/EngineDamageTypes/DmgTypeBP_Environmental.uasset" 37
"../../../Engine/Content/EngineMeshes/Sphere.uasset" 38
"../../../Engine/Content/EngineFonts/RobotoDistanceField.uasset" 39
"../../../Engine/Content/EngineMaterials/DefaultTextMaterialOpaque.uasset" 40
"../../../Engine/Content/EditorResources/S_Trigger.uasset" 41
"../../../Engine/Content/EngineResources/GradientTexture0.uasset" 42
"../../../Engine/Content/EngineResources/Black.uasset" 43
"../../../Engine/Content/EditorMaterials/MatineeGroups/MAT_Groups_Float.uasset" 44
"../../../Engine/Content/EditorMaterials/MatineeGroups/MAT_Groups_Director.uasset" 45
"../../../Engine/Content/EditorMaterials/MatineeGroups/MAT_Groups_Event.uasset" 46
"../../../Engine/Content/EditorMaterials/MatineeGroups/MAT_Groups_Anim.uasset" 47
"../../../Engine/Content/EditorMaterials/MatineeGroups/MAT_Groups_Fade.uasset" 48
"../../../Engine/Content/EditorMaterials/MatineeGroups/MAT_Groups_Move.uasset" 49
"../../../Engine/Content/EditorMaterials/MatineeGroups/MAT_Groups_Slomo.uasset" 50
"../../../Engine/Content/EditorMaterials/MatineeGroups/MAT_ColorTrack.uasset" 51
"../../../Engine/Content/EditorMaterials/MAT_Groups_Toggle.uasset" 52
"../../../Engine/Content/EditorMaterials/MatineeGroups/MAT_Groups_AudioMaster.uasset" 53
"../../../Engine/Content/EditorMaterials/MatineeGroups/MAT_Groups_Sound.uasset" 54
"../../../Engine/Content/EditorMaterials/MatineeGroups/MAT_Groups_Vector.uasset" 55
"../../../Engine/Content/EditorMaterials/MAT_Groups_Visibility.uasset" 56
"../../../Engine/Content/EngineResources/DefaultTextureCube.uasset" 57
"../../../Engine/Content/Functions/Engine_MaterialFunctions01/Opacity/CameraDepthFade.uasset" 58
"../../../Engine/Content/EngineMaterials/T_Default_Material_Grid_M.uasset" 59
"../../../Engine/Content/EngineMaterials/T_Default_Material_Grid_N.uasset" 60
"../../../Engine/Content/EngineMaterials/DefaultMaterial.uasset" 61
"../../../Engine/Content/EngineMeshes/Cylinder.uasset" 62
"../../../Engine/Content/EngineTireTypes/DefaultTireType.uasset" 63
"../../../Engine/Content/VREditor/LaserPointer/VR_LaserPower_01.uasset" 64
"../../../Engine/Content/VREditor/TransformGizmo/TransformGizmoMaterial.uasset" 65
"../../../Engine/Content/VREditor/TransformGizmo/TranslucentTransformGizmoMaterial.uasset" 66
"../../../Engine/Content/VREditor/TransformGizmo/UniformScaleHandle.uasset" 67
"../../../Engine/Content/VREditor/TransformGizmo/TranslateHandleLong.uasset" 68
"../../../Engine/Content/VREditor/TransformGizmo/PlaneTranslationHandle.uasset" 69
"../../../Engine/Content/VREditor/TransformGizmo/RotationHandleFull.uasset" 70
"../../../Engine/Content/VREditor/TransformGizmo/StretchingHandle.uasset" 71
"../../../Engine/Content/VREditor/TransformGizmo/BoundingBoxCorner.uasset" 72
"../../../Engine/Content/VREditor/TransformGizmo/BoundingBoxEdge.uasset" 73
"../../../Engine/Content/VREditor/UI/SelectionBarMesh.uasset" 74
"../../../Engine/Content/VREditor/UI/CloseButtonMesh.uasset" 75
"../../../Engine/Content/VREditor/FloatingText/LineMaterial.uasset" 76
"../../../Engine/Content/VREditor/FloatingText/LineSegmentCylinder.uasset" 77
"../../../Engine/Content/VREditor/FloatingText/JointSphere.uasset" 78
"../../../Engine/Content/VREditor/Fonts/VRText_RobotoLarge.uasset" 79
"../../../Engine/Content/VREditor/Fonts/VRTextMaterial.uasset" 80
"../../../Engine/Content/VREditor/Fonts/TranslucentVRTextMaterial.uasset" 81
"../../../Engine/Content/VREditor/TransformGizmo/TranslationHandle.uasset" 82
"../../../Engine/Content/VREditor/TransformGizmo/RotationHandle.uasset" 83
"../../../Engine/Content/VREditor/Devices/Generic/GenericHMDMaterial.uasset" 84
"../../../Engine/Content/VREditor/Devices/Generic/GenericHMD.uasset" 85
"../../../Engine/Content/Functions/Engine_MaterialFunctions01/Gradient/RadialGradient.uasset" 86
"../../../Engine/Content/EditorLandscapeResources/FlattenHeightMat.uasset" 87
"../../../Engine/Content/VREditor/WorldMovementGrid/PlaneMesh.uasset" 88
"../../../Engine/Content/VREditor/WorldMovementGrid/SimpleGrid.uasset" 89
"../../../Engine/Content/VREditor/WorldMovementGrid/GridMaterial.uasset" 90
"../../../Engine/Content/VREditor/LaserPointer/LaserPointerMaterial.uasset" 91
"../../../Engine/Content/VREditor/LaserPointer/LaserPointerMaterialInst.uasset" 92
"../../../Engine/Content/VREditor/LaserPointer/TranslucentLaserPointerMaterialInst.uasset" 93
"../../../Engine/Content/VREditor/LaserPointer/LaserPointerMesh.uasset" 94
"../../../Engine/Content/Functions/Engine_MaterialFunctions01/Density/ExponentialDensity.uasset" 95
"../../../Engine/Content/VREditor/WorldMovementGrid/GridPostProcess.uasset" 96
"../../../Engine/Content/VREditor/Sounds/VR_teleport_Cue.uasset" 97
"../../../Engine/Content/VREditor/Sounds/VR_grab_Cue.uasset" 98
"../../../Engine/Content/Tutorial/ContentIntroCurve.uasset" 99
"../../../Engine/Plugins/2D/Paper2D/Content/PlaceholderTextures/DummySpriteTexture.uasset" 100
"../../../Engine/Plugins/2D/Paper2D/Content/DefaultSpriteMaterial.uasset" 101
"../../../Engine/Plugins/2D/Paper2D/Content/MaskedUnlitSpriteMaterial.uasset" 102
"../../../Engine/Plugins/2D/Paper2D/Content/OpaqueUnlitSpriteMaterial.uasset" 103
"../../../Engine/Plugins/2D/Paper2D/Content/DummySprite.uasset" 104
"../../../Engine/Plugins/2D/Paper2D/Content/DefaultPaperTerrainMaterial.uasset" 105
"../../../Engine/Content/EngineMaterials/RemoveSurfaceMaterial.uasset" 106
"../../../Engine/Content/EngineDebugMaterials/DebugMeshMaterial.uasset" 107
"../../../Engine/Content/EngineMaterials/InvalidLightmapSettings.uasset" 108
"../../../Engine/Content/EngineMaterials/M_InvalidLightmapSettings.uasset" 109
"../../../Engine/Content/EditorMaterials/GizmoMaterial.uasset" 110
"../../../Engine/Content/EngineMaterials/PhAT_JointLimitMaterial.uasset" 111
"../../../Engine/Content/EngineMaterials/Good64x64TilingNoiseHighFreq.uasset" 112
"../../../Engine/Content/EngineMaterials/DefaultBokeh.uasset" 113
"../../../Engine/Content/EngineMaterials/PreintegratedSkinBRDF.uasset" 114
"../../../Engine/Content/EngineMaterials/MiniFont.uasset" 115
"../../../Engine/Content/EngineMaterials/WeightMapPlaceholderTexture.uasset" 116
"../../../Engine/Content/EngineMaterials/DefaultWhiteGrid.uasset" 117
"../../../Engine/Content/EngineMaterials/DefaultPhysicalMaterial.uasset" 118
"../../../Engine/Content/EngineFonts/RobotoTiny.uasset" 119
"../../../Engine/Content/EditorSounds/Notifications/CompileSuccess.uasset" 120
"../../../Engine/Content/EditorSounds/Notifications/CompileStart_Cue.uasset" 121
"../../../Engine/Content/EditorSounds/Notifications/CompileSuccess_Cue.uasset" 122
"../../../Engine/Content/EditorSounds/Notifications/CompileFailed.uasset" 123
"../../../Engine/Content/EditorSounds/Notifications/CompileFailed_Cue.uasset" 124
"../../../Engine/Content/EditorResources/EmptyActor.uasset" 125
"../../../VREscapeRoom/Content/VR_Assets/TEST.uasset" 126
"../../../Engine/Content/EditorResources/AudioIcons/S_AudioComponent.uasset" 127
"../../../Engine/Content/EditorResources/AudioIcons/S_AudioComponent_AutoActivate.uasset" 128
"../../../Engine/Content/EditorResources/LightIcons/S_LightError.uasset" 129
"../../../Engine/Content/MobileResources/HUD/MobileHUDButton2_off.uasset" 130
"../../../Engine/Content/MobileResources/HUD/VirtualJoystick_Background.uasset" 131
"../../../Engine/Content/MobileResources/HUD/VirtualJoystick_Thumb.uasset" 132
"../../../Engine/Content/MobileResources/HUD/LeftVirtualJoystickOnly.uasset" 133
"../../../Engine/Content/MobileResources/HUD/MobileHUDButton2_on.uasset" 134
"../../../Engine/Content/MobileResources/HUD/T_Castle_ThumbstickOutter.uasset" 135
"../../../Engine/Content/MobileResources/HUD/MobileHUDDirectionStick.uasset" 136
"../../../VREscapeRoom/Content/White.uasset" 137
"../../../VREscapeRoom/Content/Blood/textures/blood_splatter_decals_v1_256.uasset" 138
"../../../VREscapeRoom/Content/Blood/Blood_platter_v01.uasset" 139
"../../../VREscapeRoom/Content/Blood/textures/blood_splatter_decals_v2_256.uasset" 140
"../../../VREscapeRoom/Content/Blood/Blood_platter_v02.uasset" 141
"../../../VREscapeRoom/Content/Blood/textures/blood_splatter_decals_v3_256.uasset" 142
"../../../VREscapeRoom/Content/Blood/Blood_platter_v03.uasset" 143
"../../../VREscapeRoom/Content/Blood/Blood_platter_v04.uasset" 144
"../../../VREscapeRoom/Content/Blood/textures/blood_splatter_decals_v5_256.uasset" 145
"../../../VREscapeRoom/Content/Blood/Blood_platter_v05.uasset" 146
"../../../VREscapeRoom/Content/Blood/textures/blood_splatter_decals_v6_256.uasset" 147
"../../../VREscapeRoom/Content/Blood/Blood_platter_v06.uasset" 148
"../../../VREscapeRoom/Content/Blood/textures/blood_splatter_decals_v7_256.uasset" 149
"../../../VREscapeRoom/Content/Blood/Blood_platter_v07.uasset" 150
"../../../VREscapeRoom/Content/Blood/textures/blood_splatter_decals_v8_256.uasset" 151
"../../../VREscapeRoom/Content/Blood/Blood_platter_v08.uasset" 152
"../../../VREscapeRoom/Content/Blood/textures/Blood-splatter-19-sc.uasset" 153
"../../../VREscapeRoom/Content/Blood/Blood_platter_v19.uasset" 154
"../../../VREscapeRoom/Content/Blood/textures/Blood-splatter-5-sc.uasset" 155
"../../../VREscapeRoom/Content/Blood/Blood_platter_v5sc.uasset" 156
"../../../VREscapeRoom/Content/Blood/textures/blood_splatter_dark2_512.uasset" 157
"../../../VREscapeRoom/Content/Blood/blood_splatter_dark_512.uasset" 158
"../../../VREscapeRoom/Content/Blood/textures/blood_splatter_lines2.uasset" 159
"../../../VREscapeRoom/Content/Blood/blood_splatter_lines.uasset" 160
"../../../VREscapeRoom/Content/Blood/BloodDecalBP.uasset" 161
"../../../Engine/Content/Functions/Engine_MaterialFunctions02/Utility/BlendAngleCorrectedNormals.uasset" 162
"../../../VREscapeRoom/Content/7145-normal.uasset" 163
"../../../VREscapeRoom/Content/Blood/BleedingWalls/clouds.uasset" 164
"../../../VREscapeRoom/Content/Blood/BleedingWalls/reflec.uasset" 165
"../../../VREscapeRoom/Content/Meshes/Character/guts.uasset" 166
"../../../VREscapeRoom/Content/nrm.uasset" 167
"../../../VREscapeRoom/Content/VR_Assets/c_floor01_color.uasset" 168
"../../../VREscapeRoom/Content/VR_Assets/c_floor01_normal.uasset" 169
"../../../VREscapeRoom/Content/Blood/BleedingWalls/BleedingWalls.uasset" 170
"../../../VREscapeRoom/Content/Blood/BleedingWalls/BleedingWalls_Inst.uasset" 171
"../../../VREscapeRoom/Content/Blood/BloodlyFoot/Leftbloodfoot.uasset" 172
"../../../VREscapeRoom/Content/Blood/BloodlyFoot/Leftbloodfoot_Mat.uasset" 173
"../../../VREscapeRoom/Content/Blood/BloodlyFoot/Rightbloodfoot.uasset" 174
"../../../VREscapeRoom/Content/Blood/textures/blood_splatter_decals_v4_256.uasset" 175
"../../../VREscapeRoom/Content/Blood/textures/blood_splatter_lines.uasset" 176
"../../../Engine/Content/BasicShapes/BasicShapeMaterial.uasset" 177
"../../../Engine/Content/BasicShapes/Cone.uasset" 178
"../../../Engine/Content/BasicShapes/Cylinder.uasset" 179
"../../../VREscapeRoom/Content/Blueprints/Compas.uasset" 180
"../../../VREscapeRoom/Content/Credits/black_mat_flr.uasset" 181
"../../../VREscapeRoom/Content/Credits/confinevr_credits.uasset" 182
"../../../VREscapeRoom/Content/Credits/credits_mat.uasset" 183
"../../../VREscapeRoom/Content/Credits/title_confineVR.uasset" 184
"../../../VREscapeRoom/Content/Credits/TM_MVR_Logo.uasset" 185
"../../../VREscapeRoom/Content/EscapeRoom_Door/EscapeDoor01_WORK.uasset" 186
"../../../VREscapeRoom/Content/EscapeRoom_Door/EscapeDoor01_Color.uasset" 187
"../../../VREscapeRoom/Content/EscapeRoom_Door/EscapeDoor01_Normal.uasset" 188
"../../../VREscapeRoom/Content/EscapeRoom_Door/EscapeDoor01_WORK_Mat.uasset" 189
"../../../VREscapeRoom/Content/EscapeRoom_Door/escaperoomdoor_real.uasset" 190
"../../../VREscapeRoom/Content/EscapeRoom_Door/EscDoor01_Mat.uasset" 191
"../../../VREscapeRoom/Content/GameEssentails/HandMat.uasset" 192
"../../../Engine/Content/EngineMaterials/WorldGridMaterial.uasset" 193
"../../../VREscapeRoom/Content/Meshes/patienttable.uasset" 194
"../../../VREscapeRoom/Content/Meshes/radiolight.uasset" 195
"../../../VREscapeRoom/Content/Meshes/radiotemp.uasset" 196
"../../../VREscapeRoom/Content/Meshes/Character/MaleExportrigged3_Skeleton.uasset" 197
"../../../VREscapeRoom/Content/Meshes/Character/deadjump.uasset" 198
"../../../VREscapeRoom/Content/Meshes/Paper/10922-normal.uasset" 199
"../../../VREscapeRoom/Content/Meshes/Paper/symbolkey2.uasset" 200
"../../../VREscapeRoom/Content/Meshes/Paper/boxgradient.uasset" 201
"../../../VREscapeRoom/Content/Meshes/Paper/Legend__1_.uasset" 202
"../../../VREscapeRoom/Content/Meshes/Paper/normal.uasset" 203
"../../../VREscapeRoom/Content/Meshes/Paper/symbolkey2_Mat.uasset" 204
"../../../VREscapeRoom/Content/Meshes/Paper/symbolkey2_Mat_Inst.uasset" 205
"../../../VREscapeRoom/Content/Sounds/Party_Blower_Cue.uasset" 206
"../../../VREscapeRoom/Content/Sounds/SFX/Beep_2.uasset" 207
"../../../VREscapeRoom/Content/Sounds/SFX/Breath_Cue.uasset" 208
"../../../VREscapeRoom/Content/Sounds/SFX/Door_Creak_1.uasset" 209
"../../../VREscapeRoom/Content/Sounds/SFX/Door_Creak_2.uasset" 210
"../../../VREscapeRoom/Content/Sounds/SFX/Lazy_Joker_Laugh.uasset" 211
"../../../VREscapeRoom/Content/Sounds/SFX/Lower_Laugh_1.uasset" 212
"../../../VREscapeRoom/Content/Sounds/SFX/Lower_Laugh_2.uasset" 213
"../../../VREscapeRoom/Content/Sounds/SFX/Maniacal_Laugh_1.uasset" 214
"../../../VREscapeRoom/Content/Sounds/SFX/Maniacal_Laugh_2.uasset" 215
"../../../VREscapeRoom/Content/Sounds/SFX/Maniacal_Laugh_3.uasset" 216
"../../../VREscapeRoom/Content/Sounds/SFX/Rustling_1.uasset" 217
"../../../VREscapeRoom/Content/Sounds/SFX/Water_Drop.uasset" 218
"../../../VREscapeRoom/Content/Sounds/SFX/Wind.uasset" 219
"../../../VREscapeRoom/Content/StarterContent/Materials/M_Basic_Wall.uasset" 220
"../../../VREscapeRoom/Content/StarterContent/Architecture/Pillar_50x500.uasset" 221
"../../../VREscapeRoom/Content/StarterContent/Architecture/Wall_400x300.uasset" 222
"../../../VREscapeRoom/Content/StarterContent/Architecture/Wall_400x400.uasset" 223
"../../../VREscapeRoom/Content/StarterContent/Architecture/Wall_500x500.uasset" 224
"../../../VREscapeRoom/Content/StarterContent/Architecture/Wall_Door_400x400.uasset" 225
"../../../VREscapeRoom/Content/StarterContent/Architecture/Wall_Window_400x400.uasset" 226
"../../../VREscapeRoom/Content/StarterContent/Audio/Light01_Cue.uasset" 227
"../../../VREscapeRoom/Content/StarterContent/Audio/Light02_Cue.uasset" 228
"../../../VREscapeRoom/Content/StarterContent/Audio/Explosion_Cue.uasset" 229
"../../../VREscapeRoom/Content/StarterContent/Textures/T_Burst_M.uasset" 230
"../../../VREscapeRoom/Content/StarterContent/Particles/Materials/M_Burst.uasset" 231
"../../../VREscapeRoom/Content/StarterContent/Textures/T_Explosion_SubUV.uasset" 232
"../../../VREscapeRoom/Content/StarterContent/Particles/Materials/M_explosion_subUV.uasset" 233
"../../../VREscapeRoom/Content/StarterContent/Particles/Materials/m_flare_01.uasset" 234
"../../../VREscapeRoom/Content/StarterContent/Particles/Materials/M_radial_ramp.uasset" 235
"../../../VREscapeRoom/Content/StarterContent/Textures/T_Smoke_SubUV.uasset" 236
"../../../VREscapeRoom/Content/StarterContent/Textures/T_Smoke_Tiled_D.uasset" 237
"../../../VREscapeRoom/Content/StarterContent/Particles/Materials/M_smoke_subUV.uasset" 238
"../../../VREscapeRoom/Content/StarterContent/Particles/P_Explosion.uasset" 239
"../../../VREscapeRoom/Content/StarterContent/Blueprints/Blueprint_Effect_Explosion.uasset" 240
"../../../Engine/Content/EditorMeshes/ColorCalibrator/T_ColorGrid.uasset" 241
"../../../VREscapeRoom/Content/StarterContent/Materials/M_ColorGrid_LowSpec.uasset" 242
"../../../VREscapeRoom/Content/StarterContent/Textures/T_Bush_D.uasset" 243
"../../../VREscapeRoom/Content/StarterContent/Textures/T_Bush_N.uasset" 244
"../../../VREscapeRoom/Content/StarterContent/Props/Materials/M_Bush.uasset" 245
"../../../VREscapeRoom/Content/StarterContent/Props/SM_Bush.uasset" 246
"../../../VREscapeRoom/Content/StarterContent/Textures/T_Chair_M.uasset" 247
"../../../VREscapeRoom/Content/StarterContent/Textures/T_Chair_N.uasset" 248
"../../../VREscapeRoom/Content/StarterContent/Props/Materials/M_Chair.uasset" 249
"../../../VREscapeRoom/Content/StarterContent/Props/SM_Couch.uasset" 250
"../../../VREscapeRoom/Content/StarterContent/Materials/M_Glass.uasset" 251
"../../../VREscapeRoom/Content/StarterContent/Textures/T_Door_M.uasset" 252
"../../../VREscapeRoom/Content/StarterContent/Textures/T_Door_N.uasset" 253
"../../../VREscapeRoom/Content/StarterContent/Props/Materials/M_Door.uasset" 254
"../../../VREscapeRoom/Content/StarterContent/Props/SM_Door.uasset" 255
"../../../VREscapeRoom/Content/StarterContent/Props/Materials/M_MaterialSphere.uasset" 256
"../../../VREscapeRoom/Content/StarterContent/Props/Materials/M_MaterialSphere_Plain.uasset" 257
"../../../VREscapeRoom/Content/StarterContent/Props/SM_MatPreviewMesh_02.uasset" 258
"../../../VREscapeRoom/Content/StarterContent/Textures/T_Detail_Rocky_N.uasset" 259
"../../../VREscapeRoom/Content/StarterContent/Textures/T_Rock_Basalt_D.uasset" 260
"../../../VREscapeRoom/Content/StarterContent/Textures/T_RockMesh_M.uasset" 261
"../../../VREscapeRoom/Content/StarterContent/Textures/T_RockMesh_N.uasset" 262
"../../../VREscapeRoom/Content/StarterContent/Props/Materials/M_Rock.uasset" 263
"../../../VREscapeRoom/Content/StarterContent/Props/SM_Rock.uasset" 264
"../../../VREscapeRoom/Content/StarterContent/Textures/T_Shelf_M.uasset" 265
"../../../VREscapeRoom/Content/StarterContent/Textures/T_Shelf_N.uasset" 266
"../../../VREscapeRoom/Content/StarterContent/Props/Materials/M_Shelf.uasset" 267
"../../../VREscapeRoom/Content/StarterContent/Props/SM_Shelf.uasset" 268
"../../../VREscapeRoom/Content/StarterContent/Materials/M_Basic_Floor.uasset" 269
"../../../VREscapeRoom/Content/StarterContent/Props/SM_Stairs.uasset" 270
"../../../VREscapeRoom/Content/StarterContent/Shapes/Shape_Cone.uasset" 271
"../../../VREscapeRoom/Content/StarterContent/Shapes/Shape_Cylinder.uasset" 272
"../../../VREscapeRoom/Content/StarterContent/Shapes/Shape_NarrowCapsule.uasset" 273
"../../../VREscapeRoom/Content/StarterContent/Shapes/Shape_Pipe.uasset" 274
"../../../VREscapeRoom/Content/StarterContent/Shapes/Shape_Pipe_180.uasset" 275
"../../../VREscapeRoom/Content/StarterContent/Shapes/Shape_Pipe_90.uasset" 276
"../../../VREscapeRoom/Content/StarterContent/Shapes/Shape_Torus.uasset" 277
"../../../VREscapeRoom/Content/StarterContent/Shapes/Shape_Trim.uasset" 278
"../../../VREscapeRoom/Content/StarterContent/Shapes/Shape_Trim_90_In.uasset" 279
"../../../VREscapeRoom/Content/StarterContent/Shapes/Shape_Trim_90_Out.uasset" 280
"../../../VREscapeRoom/Content/StarterContent/Shapes/Shape_TriPyramid.uasset" 281
"../../../VREscapeRoom/Content/StarterContent/Shapes/Shape_Tube.uasset" 282
"../../../VREscapeRoom/Content/StarterContent/Shapes/Shape_Wedge_A.uasset" 283
"../../../VREscapeRoom/Content/StarterContent/Shapes/Shape_Wedge_B.uasset" 284
"../../../VREscapeRoom/Content/StarterContent/Shapes/Shape_WideCapsule.uasset" 285
"../../../VREscapeRoom/Content/Symbols/Textures/blood.uasset" 286
"../../../VREscapeRoom/Content/Symbols/Textures/symbolkey.uasset" 287
"../../../VREscapeRoom/Content/Symbols/Textures/symbolkey_Mat.uasset" 288
"../../../VREscapeRoom/Content/Symbols/Textures/Symbol_1.uasset" 289
"../../../VREscapeRoom/Content/Symbols/Textures/Symbol_2.uasset" 290
"../../../VREscapeRoom/Content/Symbols/Textures/Symbol_3.uasset" 291
"../../../VREscapeRoom/Content/Symbols/Textures/Symbol_5.uasset" 292
"../../../VREscapeRoom/Content/Symbols/Textures/Symbol_6.uasset" 293
"../../../VREscapeRoom/Content/Symbols/Textures/Symbol_7.uasset" 294
"../../../VREscapeRoom/Content/Symbols/Textures/Symbol_8.uasset" 295
"../../../VREscapeRoom/Content/Symbols/Textures/Symbol_9.uasset" 296
"../../../VREscapeRoom/Content/ThirdPersonBP/EscDoor01_Mat.uasset" 297
"../../../VREscapeRoom/Content/VR_Assets/EscapeDoor01_WORK.uasset" 298
"../../../VREscapeRoom/Content/VR_Assets/Fan_Diffuse.uasset" 299
"../../../VREscapeRoom/Content/VR_Assets/Legend.uasset" 300
"../../../Engine/Content/EditorMaterials/PreviewShadowIndicator.uasset" 301
"../../../Engine/Content/EditorMaterials/PreviewShadowIndicatorMaterial.uasset" 302
"../../../Engine/Content/EditorResources/BSPVertex.uasset" 303
"../../../Engine/Content/EngineDebugMaterials/HeatmapGradient.uasset" 304
"../../../Engine/Content/EngineDebugMaterials/BoneWeightMaterial.uasset" 305
"../../../Engine/Content/EngineDebugMaterials/GeomMaterial.uasset" 306
"../../../Engine/Content/EngineMaterials/EditorBrushMaterial.uasset" 307
"../../../Engine/Content/EngineMeshes/Cube.uasset" 308
"../../../Engine/Content/MobileResources/T_MobileControls_texture.uasset" 309
"../../../Engine/Content/MobileResources/T_MobileMenu2.uasset" 310
"../../../Engine/Content/MobileResources/HUD/AnalogHat.uasset" 311
"../../../Engine/Content/MobileResources/HUD/DefaultVirtualJoysticks.uasset" 312
"../../../Engine/Content/MobileResources/HUD/MobileHUDButton1_off.uasset" 313
"../../../Engine/Content/MobileResources/HUD/MobileHUDButton1_on.uasset" 314
"../../../Engine/Content/MobileResources/HUD/MobileHUDButton3.uasset" 315
"../../../Engine/Content/MobileResources/HUD/MobileHUDButtonFire.uasset" 316
"../../../Engine/Content/MobileResources/HUD/MobileHUDDirectionPad.uasset" 317
"../../../Engine/Content/MobileResources/HUD/MobileHUDDirectionPad2.uasset" 318
"../../../Engine/Content/MobileResources/HUD/MobileHUDDirectionPad3.uasset" 319
"../../../Engine/Content/MobileResources/HUD/T_Castle_ThumbstickInner.uasset" 320
"../../../Engine/Content/Tutorial/Basics/TutorialAssets/icon_tab_Levels_40x.uasset" 321
"../../../Engine/Content/Tutorial/BlueprintTutorials/TutorialAssets/BlueprintInterface_64x.uasset" 322
"../../../Engine/Content/Tutorial/BlueprintTutorials/TutorialAssets/BlueprintMacroLibrary_64x.uasset" 323
"../../../Engine/Content/Tutorial/BlueprintTutorials/TutorialAssets/Blueprint_64x.uasset" 324
"../../../Engine/Content/Tutorial/BlueprintTutorials/TutorialAssets/Tutorial_BP_Interface.uasset" 325
"../../../Engine/Content/Tutorial/Foliage/TutorialAssets/Foliage.uasset" 326
"../../../Engine/Content/Tutorial/Landscape/TutorialAssets/Landscape.uasset" 327
"../../../Engine/Content/Tutorial/Paper2D/TutorialAssets/Paper2DFlipbook_TutorialIcon.uasset" 328
"../../../Engine/Content/Tutorial/Paper2D/TutorialAssets/Paper2DSprite_TutorialIcon.uasset" 329
"../../../Engine/Content/Tutorial/SubEditors/TutorialAssets/icon_Editor_Preferences_General_40x.uasset" 330
"../../../Engine/Content/Tutorial/SubEditors/TutorialAssets/icon_ShowSkeletalMeshes_40x.uasset" 331
"../../../Engine/Content/Tutorial/SubEditors/TutorialAssets/TutorialMaterial.uasset" 332
"../../../Engine/Content/Tutorial/SubEditors/TutorialAssets/T_SmokeSubUV_8X8.uasset" 333
"../../../Engine/Content/Tutorial/SubEditors/TutorialAssets/T_soft_smoke.uasset" 334
"../../../Engine/Content/Tutorial/SubEditors/TutorialAssets/M_smoke_subUV_blackbody.uasset" 335
"../../../Engine/Content/Tutorial/SubEditors/TutorialAssets/TutorialParticleSystem.uasset" 336
"../../../Engine/Content/EditorMeshes/EditorCube.uasset" 337
"../../../Engine/Content/Tutorial/SubEditors/TutorialAssets/Tutorial_DM.uasset" 338
"../../../VREscapeRoom/Content/UI/GameOver.uasset" 339
"../../../Engine/Content/EngineMaterials/DefaultNormal.uasset" 340
"../../../Engine/Content/Maps/Entry.umap" 341
"../../../Engine/Content/EditorBlueprintResources/StandardMacros.uasset" 342
"../../../VREscapeRoom/Content/Meshes/Temp/Switch/switch_Skeleton.uasset" 343
"../../../VREscapeRoom/Content/Meshes/Temp/Switch/switch_Anim_FlipDown.uasset" 344
"../../../VREscapeRoom/Content/Meshes/Temp/Switch/switch_Anim_FlipUp.uasset" 345
"../../../VREscapeRoom/Content/VRInterface.uasset" 346
"../../../Engine/Content/BasicShapes/Cube.uasset" 347
"../../../VREscapeRoom/Content/Meshes/line.uasset" 348
"../../../VREscapeRoom/Content/StarterContent/Textures/T_Concrete_Panels_D.uasset" 349
"../../../VREscapeRoom/Content/Meshes/Temp/Switch/switch1.uasset" 350
"../../../VREscapeRoom/Content/Meshes/Temp/Switch/switch_PhysicsAsset.uasset" 351
"../../../VREscapeRoom/Content/Meshes/Temp/Switch/switch.uasset" 352
"../../../VREscapeRoom/Content/Sounds/SFX/Click_Down_Cue.uasset" 353
"../../../VREscapeRoom/Content/Sounds/SFX/Click_Up_Cue.uasset" 354
"../../../VREscapeRoom/Content/Blueprints/Light.uasset" 355
"../../../VREscapeRoom/Content/UI/gameovertex.uasset" 356
"../../../VREscapeRoom/Content/UI/gameovertex_Mat.uasset" 357
"../../../VREscapeRoom/Content/StarterContent/Shapes/Shape_Plane.uasset" 358
"../../../VREscapeRoom/Content/UI/gameover_bp.uasset" 359
"../../../VREscapeRoom/Content/UI/VRControllers/Materials/vrcontroller_tex.uasset" 360
"../../../VREscapeRoom/Content/UI/VRControllers/Materials/VRControllerMat.uasset" 361
"../../../VREscapeRoom/Content/UI/VRControllers/VRcontroller_PhysicsAsset.uasset" 362
"../../../VREscapeRoom/Content/UI/VRControllers/VRcontroller_Skeleton.uasset" 363
"../../../VREscapeRoom/Content/UI/VRControllers/VRcontroller.uasset" 364
"../../../VREscapeRoom/Content/GameEssentails/Vr_Pawn.uasset" 365
"../../../VREscapeRoom/Content/Sounds/Door_Creak_Cue.uasset" 366
"../../../VREscapeRoom/Content/VR_Assets/escaperoomdoor_real.uasset" 367
"../../../VREscapeRoom/Content/Blueprints/FirstDoor.uasset" 368
"../../../VREscapeRoom/Content/DirtyHands/HandAnim01_Skeleton.uasset" 369
"../../../VREscapeRoom/Content/DirtyHands/HandAnim01_Anim.uasset" 370
"../../../VREscapeRoom/Content/DirtyHands/HandAnim02_Skeleton.uasset" 371
"../../../VREscapeRoom/Content/DirtyHands/HandAnim02_Anim.uasset" 372
"../../../VREscapeRoom/Content/DirtyHands/HandAnim03_Skeleton.uasset" 373
"../../../VREscapeRoom/Content/DirtyHands/HandAnim03_Anim.uasset" 374
"../../../VREscapeRoom/Content/Meshes/Character/MaleExportINBOX_InBox.uasset" 375
"../../../VREscapeRoom/Content/Meshes/Character/MaleExportINBOX_JumpOutBox.uasset" 376
"../../../VREscapeRoom/Content/Meshes/Character/guts_Mat.uasset" 377
"../../../VREscapeRoom/Content/Meshes/MedicalGown01_Color.uasset" 378
"../../../VREscapeRoom/Content/Meshes/MedicalGown01_Color_Mat.uasset" 379
"../../../VREscapeRoom/Content/Meshes/Male01_Color2.uasset" 380
"../../../VREscapeRoom/Content/Meshes/Male01_Normal.uasset" 381
"../../../VREscapeRoom/Content/Meshes/skin_shader.uasset" 382
"../../../VREscapeRoom/Content/Meshes/Character/MaleExportrigged3_PhysicsAsset.uasset" 383
"../../../VREscapeRoom/Content/Meshes/Character/MaleExportrigged3.uasset" 384
"../../../VREscapeRoom/Content/VR_Assets/Bare_Metal_Resized.uasset" 385
"../../../VREscapeRoom/Content/Prize/GiftRed_Mat.uasset" 386
"../../../VREscapeRoom/Content/Prize/GiftWhite_Mat.uasset" 387
"../../../VREscapeRoom/Content/Prize/GiftBase01_Mesh.uasset" 388
"../../../VREscapeRoom/Content/Prize/GiftLid01_Mesh.uasset" 389
"../../../VREscapeRoom/Content/Sounds/Maniacal_Laugh_2.uasset" 390
"../../../VREscapeRoom/Content/Sounds/Orchestral_Hit.uasset" 391
"../../../VREscapeRoom/Content/Prize/Prize.uasset" 392
"../../../VREscapeRoom/Content/Symbols/Textures/brick.uasset" 393
"../../../VREscapeRoom/Content/Symbols/Textures/brick_Mat.uasset" 394
"../../../VREscapeRoom/Content/DirtyHands/HandAnim01_PhysicsAsset.uasset" 395
"../../../VREscapeRoom/Content/DirtyHands/HandAnim01.uasset" 396
"../../../VREscapeRoom/Content/DirtyHands/HandAnim02_PhysicsAsset.uasset" 397
"../../../VREscapeRoom/Content/DirtyHands/HandAnim02.uasset" 398
"../../../VREscapeRoom/Content/DirtyHands/HandAnim03_PhysicsAsset.uasset" 399
"../../../VREscapeRoom/Content/DirtyHands/HandAnim03.uasset" 400
"../../../VREscapeRoom/Content/Meshes/kEYPAD/KeyPad01_Color.uasset" 401
"../../../VREscapeRoom/Content/Meshes/kEYPAD/KeyPad01_Normal.uasset" 402
"../../../VREscapeRoom/Content/Meshes/kEYPAD/keYPADmaT.uasset" 403
"../../../VREscapeRoom/Content/Meshes/kEYPAD/Keypad01_Mesh.uasset" 404
"../../../VREscapeRoom/Content/Sounds/Party_Blower.uasset" 405
"../../../VREscapeRoom/Content/Sounds/SFX/Affirmative_Cue.uasset" 406
"../../../VREscapeRoom/Content/Sounds/SFX/Beep_1.uasset" 407
"../../../VREscapeRoom/Content/Sounds/SFX/Negative.uasset" 408
"../../../VREscapeRoom/Content/Blueprints/Keypad.uasset" 409
"../../../VREscapeRoom/Content/Sounds/Music/Writing_on_the_Wall_-___Mono___Cue.uasset" 410
"../../../VREscapeRoom/Content/VR_Assets/FloorMaster_Mat.uasset" 411
"../../../VREscapeRoom/Content/VR_Assets/Radio01_Color.uasset" 412
"../../../VREscapeRoom/Content/VR_Assets/Radio01_Normal.uasset" 413
"../../../VREscapeRoom/Content/VR_Assets/RadioMat.uasset" 414
"../../../VREscapeRoom/Content/VR_Assets/Radio01_Mesh.uasset" 415
"../../../VREscapeRoom/Content/Blueprints/Radio.uasset" 416
"../../../VREscapeRoom/Content/GameEssentails/Vr_GamesMode.uasset" 417
"../../../VREscapeRoom/Content/Meshes/Character/anim_standingthere.uasset" 418
"../../../VREscapeRoom/Content/Meshes/Character/anim_standingtherejump.uasset" 419
"../../../VREscapeRoom/Content/Meshes/Character/CharacterLightsJump.uasset" 420
"../../../VREscapeRoom/Content/Meshes/Paper/paper_Skeleton.uasset" 421
"../../../VREscapeRoom/Content/Meshes/Paper/paper_Anim.uasset" 422
"../../../VREscapeRoom/Content/Meshes/Paper/PaperAnimBP.uasset" 423
"../../../VREscapeRoom/Content/Meshes/Paper/paper_PhysicsAsset.uasset" 424
"../../../VREscapeRoom/Content/Meshes/Paper/paper.uasset" 425
"../../../VREscapeRoom/Content/StarterContent/Shapes/Shape_Cube.uasset" 426
"../../../VREscapeRoom/Content/Meshes/Paper/PaperBP.uasset" 427
"../../../VREscapeRoom/Content/Credits/14329008_10154208224238283_794214499_n.uasset" 428
"../../../VREscapeRoom/Content/Credits/ConfineVR_logo.uasset" 429
"../../../VREscapeRoom/Content/UI/SplashScreen.uasset" 430
"../../../VREscapeRoom/Content/Bulb.uasset" 431
"../../../VREscapeRoom/Content/Meshes/Paper/Blood.uasset" 432
"../../../VREscapeRoom/Content/Meshes/Paper/Blood_Mat.uasset" 433
"../../../VREscapeRoom/Content/VR_Assets/Symbol02_Alpha.uasset" 434
"../../../VREscapeRoom/Content/Symbols/Textures/Glow2.uasset" 435
"../../../VREscapeRoom/Content/VR_Assets/Symbol04_Alpha.uasset" 436
"../../../VREscapeRoom/Content/Symbols/Textures/Glow4.uasset" 437
"../../../VREscapeRoom/Content/VR_Assets/Symbol8_Alpha.uasset" 438
"../../../VREscapeRoom/Content/Symbols/Textures/Glow8.uasset" 439
"../../../VREscapeRoom/Content/VR_Assets/Symbols9_Alpha.uasset" 440
"../../../VREscapeRoom/Content/Symbols/Textures/Glow9.uasset" 441
"../../../VREscapeRoom/Content/VR_Assets/Symbol01.uasset" 442
"../../../VREscapeRoom/Content/VR_Assets/Symbol01_Alpha.uasset" 443
"../../../VREscapeRoom/Content/Symbols/Textures/Symbol_1_Mat.uasset" 444
"../../../VREscapeRoom/Content/VR_Assets/Symbol02.uasset" 445
"../../../VREscapeRoom/Content/Symbols/Textures/Symbol_2_Mat2.uasset" 446
"../../../VREscapeRoom/Content/VR_Assets/Symbol03.uasset" 447
"../../../VREscapeRoom/Content/VR_Assets/Symbol03_Alpha.uasset" 448
"../../../VREscapeRoom/Content/Symbols/Textures/Symbol_3_Mat.uasset" 449
"../../../VREscapeRoom/Content/Symbols/Textures/Symbol_4.uasset" 450
"../../../VREscapeRoom/Content/VR_Assets/Symbol04.uasset" 451
"../../../VREscapeRoom/Content/Symbols/Textures/Symbol_4_Mat.uasset" 452
"../../../VREscapeRoom/Content/VR_Assets/Symbol05.uasset" 453
"../../../VREscapeRoom/Content/VR_Assets/Symbol05_Alpha.uasset" 454
"../../../VREscapeRoom/Content/Symbols/Textures/Symbol_5_Mat.uasset" 455
"../../../VREscapeRoom/Content/VR_Assets/Symbol06.uasset" 456
"../../../VREscapeRoom/Content/VR_Assets/Symbol06_Alpha.uasset" 457
"../../../VREscapeRoom/Content/Symbols/Textures/Symbol_6_Mat.uasset" 458
"../../../VREscapeRoom/Content/VR_Assets/Symbol7.uasset" 459
"../../../VREscapeRoom/Content/VR_Assets/Symbol7_Alpha.uasset" 460
"../../../VREscapeRoom/Content/Symbols/Textures/Symbol_7_Mat.uasset" 461
"../../../VREscapeRoom/Content/VR_Assets/Symbol8.uasset" 462
"../../../VREscapeRoom/Content/Symbols/Textures/Symbol_8_Mat.uasset" 463
"../../../VREscapeRoom/Content/VR_Assets/Symbols9.uasset" 464
"../../../VREscapeRoom/Content/Symbols/Textures/Symbol_9_Mat.uasset" 465
"../../../VREscapeRoom/Content/VR_Assets/EscapeDoor01_Color.uasset" 466
"../../../VREscapeRoom/Content/VR_Assets/EscapeDoor01_Normal.uasset" 467
"../../../VREscapeRoom/Content/VR_Assets/EscapeDoor01_WORK_Mat.uasset" 468
"../../../Engine/Content/BasicShapes/Sphere.uasset" 469
"../../../VREscapeRoom/Content/Meshes/MaleExportPosed.uasset" 470
"../../../VREscapeRoom/Content/Meshes/Temp/DoorFrame.uasset" 471
"../../../VREscapeRoom/Content/Meshes/Temp/DoorFrameClosed.uasset" 472
"../../../VREscapeRoom/Content/Meshes/Temp/DoorFrameSmall.uasset" 473
"../../../VREscapeRoom/Content/Sounds/35291__jace__continuous-static_Cue.uasset" 474
"../../../VREscapeRoom/Content/Sounds/Goodnight_Whisper_3_-_Stereo_Pan.uasset" 475
"../../../VREscapeRoom/Content/Sounds/Heartbeat__Single_Ba-bump_.uasset" 476
"../../../VREscapeRoom/Content/Sounds/Music/You_re_Not_Alone.uasset" 477
"../../../VREscapeRoom/Content/Sounds/NewReverbEffect.uasset" 478
"../../../VREscapeRoom/Content/Sounds/SFX/Rustling_2_Cue.uasset" 479
"../../../VREscapeRoom/Content/VR_Assets/Bucket_Diffuse.uasset" 480
"../../../VREscapeRoom/Content/VR_Assets/Bucket_Normal.uasset" 481
"../../../VREscapeRoom/Content/VR_Assets/Bucket_Mat.uasset" 482
"../../../VREscapeRoom/Content/VR_Assets/Bucket.uasset" 483
"../../../VREscapeRoom/Content/VR_Assets/Fan_Normal.uasset" 484
"../../../VREscapeRoom/Content/VR_Assets/painted_metal.uasset" 485
"../../../VREscapeRoom/Content/VR_Assets/Fan_Material.uasset" 486
"../../../VREscapeRoom/Content/VR_Assets/Fan01_Mesh.uasset" 487
"../../../VREscapeRoom/Content/VR_Assets/Mattress01_Color.uasset" 488
"../../../VREscapeRoom/Content/VR_Assets/Mattress01_Normal.uasset" 489
"../../../VREscapeRoom/Content/VR_Assets/MattressMat.uasset" 490
"../../../VREscapeRoom/Content/VR_Assets/Mattress01_Mesh.uasset" 491
"../../../VREscapeRoom/Content/VR_Assets/Bare_Metal_Normal.uasset" 492
"../../../VREscapeRoom/Content/VR_Assets/Pipe_material.uasset" 493
"../../../VREscapeRoom/Content/VR_Assets/Pipe01.uasset" 494
"../../../VREscapeRoom/Content/VR_Assets/Pipe01_Attachment.uasset" 495
"../../../VREscapeRoom/Content/Maps/Insane.umap" 496
"../../../VREscapeRoom/Content/StarterContent/Blueprints/Assets/FogBrightnessLUT.uasset" 497
"../../../VREscapeRoom/Content/StarterContent/Blueprints/Assets/SunlightColorLUT.uasset" 498
"../../../VREscapeRoom/Content/StarterContent/Blueprints/Assets/M_LightStage_Arrows.uasset" 499
"../../../Engine/Content/MapTemplates/Sky/DaylightAmbientCubemap.uasset" 500
"../../../VREscapeRoom/Content/StarterContent/Blueprints/Assets/M_LightStage_Skybox_Master.uasset" 501
"../../../VREscapeRoom/Content/StarterContent/Blueprints/Assets/M_LightStage_Skybox_Black.uasset" 502
"../../../VREscapeRoom/Content/StarterContent/Blueprints/Assets/M_LightStage_Skybox_HDRI.uasset" 503
"../../../Engine/Content/EditorMaterials/Thumbnails/SkySphereMaterial.uasset" 504
"../../../VREscapeRoom/Content/StarterContent/Blueprints/Assets/Skybox.uasset" 505
"../../../VREscapeRoom/Content/StarterContent/Blueprints/Assets/SM_Arrows.uasset" 506
"../../../VREscapeRoom/Content/StarterContent/HDRI/HDRI_Epic_Courtyard_Daylight.uasset" 507
"../../../VREscapeRoom/Content/StarterContent/Blueprints/BP_LightStudio.uasset" 508
"../../../VREscapeRoom/Content/StarterContent/Materials/M_AssetPlatform.uasset" 509
"../../../Engine/Content/EditorMeshes/ColorCalibrator/M_ChromeBall.uasset" 510
"../../../Engine/Content/EditorMeshes/ColorCalibrator/M_ClearCoat.uasset" 511
"../../../Engine/Content/EditorMeshes/ColorCalibrator/M_ClearCoatBlack.uasset" 512
"../../../Engine/Content/EditorMeshes/ColorCalibrator/M_ColorGrid.uasset" 513
"../../../Engine/Content/EditorMeshes/ColorCalibrator/M_GreyBall.uasset" 514
"../../../Engine/Content/EditorMeshes/ColorCalibrator/SM_ColorCalibrator.uasset" 515
"../../../VREscapeRoom/Content/StarterContent/Architecture/SM_AssetPlatform.uasset" 516
"../../../VREscapeRoom/Content/StarterContent/Maps/Advanced_Lighting.umap" 517
"../../../VREscapeRoom/Content/StarterContent/Audio/Fire01_Cue.uasset" 518
"../../../VREscapeRoom/Content/StarterContent/Textures/T_Fire_SubUV.uasset" 519
"../../../VREscapeRoom/Content/StarterContent/Textures/T_Fire_Tiled_D.uasset" 520
"../../../VREscapeRoom/Content/StarterContent/Particles/Materials/M_Fire_SubUV.uasset" 521
"../../../VREscapeRoom/Content/StarterContent/Textures/T_Water_N.uasset" 522
"../../../VREscapeRoom/Content/StarterContent/Particles/Materials/M_Heat_Distortion.uasset" 523
"../../../VREscapeRoom/Content/StarterContent/Particles/Materials/M_Radial_Gradient.uasset" 524
"../../../VREscapeRoom/Content/StarterContent/Particles/P_Fire.uasset" 525
"../../../VREscapeRoom/Content/StarterContent/Blueprints/Blueprint_Effect_Fire.uasset" 526
"../../../VREscapeRoom/Content/StarterContent/Audio/Smoke01_Cue.uasset" 527
"../../../VREscapeRoom/Content/StarterContent/Particles/P_Smoke.uasset" 528
"../../../VREscapeRoom/Content/StarterContent/Blueprints/Blueprint_Effect_Smoke.uasset" 529
"../../../VREscapeRoom/Content/StarterContent/Audio/Fire_Sparks01_Cue.uasset" 530
"../../../VREscapeRoom/Content/StarterContent/Textures/T_Spark_Core.uasset" 531
"../../../VREscapeRoom/Content/StarterContent/Particles/Materials/M_Spark.uasset" 532
"../../../VREscapeRoom/Content/StarterContent/Particles/P_Sparks.uasset" 533
"../../../VREscapeRoom/Content/StarterContent/Blueprints/Blueprint_Effect_Sparks.uasset" 534
"../../../VREscapeRoom/Content/StarterContent/Audio/Steam01_Cue.uasset" 535
"../../../VREscapeRoom/Content/StarterContent/Particles/P_Steam_Lit.uasset" 536
"../../../VREscapeRoom/Content/StarterContent/Blueprints/Blueprint_Effect_Steam.uasset" 537
"../../../Engine/Content/EngineSky/C_Sky_Cloud_Color.uasset" 538
"../../../Engine/Content/EngineSky/C_Sky_Horizon_Color.uasset" 539
"../../../Engine/Content/EngineSky/C_Sky_Zenith_Color.uasset" 540
"../../../Engine/Content/EngineSky/T_Sky_Blue.uasset" 541
"../../../Engine/Content/EngineSky/T_Sky_Clouds_M.uasset" 542
"../../../Engine/Content/EngineSky/T_Sky_Stars.uasset" 543
"../../../Engine/Content/EngineSky/M_Sky_Panning_Clouds2.uasset" 544
"../../../Engine/Content/EngineSky/SM_SkySphere.uasset" 545
"../../../Engine/Content/EngineSky/BP_Sky_Sphere.uasset" 546
"../../../VREscapeRoom/Content/StarterContent/Textures/T_Lamp_M.uasset" 547
"../../../VREscapeRoom/Content/StarterContent/Textures/T_Lamp_N.uasset" 548
"../../../VREscapeRoom/Content/StarterContent/Props/Materials/M_Lamp.uasset" 549
"../../../VREscapeRoom/Content/StarterContent/Props/SM_Lamp_Ceiling.uasset" 550
"../../../VREscapeRoom/Content/StarterContent/Blueprints/Blueprint_CeilingLight.uasset" 551
"../../../VREscapeRoom/Content/StarterContent/Props/SM_Lamp_Wall.uasset" 552
"../../../VREscapeRoom/Content/StarterContent/Blueprints/Blueprint_WallSconce.uasset" 553
"../../../Engine/Content/Functions/Engine_MaterialFunctions03/Procedurals/ComputeFilterWidth.uasset" 554
"../../../Engine/Content/EngineMaterials/AntiAliasedTextMaterialTranslucent.uasset" 555
"../../../VREscapeRoom/Content/StarterContent/Textures/T_Brick_Clay_Beveled_D.uasset" 556
"../../../VREscapeRoom/Content/StarterContent/Textures/T_Brick_Clay_Beveled_M.uasset" 557
"../../../VREscapeRoom/Content/StarterContent/Textures/T_Brick_Clay_Beveled_N.uasset" 558
"../../../VREscapeRoom/Content/StarterContent/Textures/T_MacroVariation.uasset" 559
"../../../VREscapeRoom/Content/StarterContent/Materials/M_Brick_Clay_Beveled.uasset" 560
"../../../VREscapeRoom/Content/StarterContent/Textures/T_Brick_Clay_New_D.uasset" 561
"../../../VREscapeRoom/Content/StarterContent/Textures/T_Brick_Clay_New_M.uasset" 562
"../../../VREscapeRoom/Content/StarterContent/Textures/T_Brick_Clay_New_N.uasset" 563
"../../../VREscapeRoom/Content/StarterContent/Materials/M_Brick_Clay_New.uasset" 564
"../../../VREscapeRoom/Content/StarterContent/Textures/T_Brick_Clay_Old_D.uasset" 565
"../../../VREscapeRoom/Content/StarterContent/Textures/T_Brick_Clay_Old_N.uasset" 566
"../../../VREscapeRoom/Content/StarterContent/Textures/T_Perlin_Noise_M.uasset" 567
"../../../VREscapeRoom/Content/StarterContent/Materials/M_Brick_Clay_Old.uasset" 568
"../../../VREscapeRoom/Content/StarterContent/Textures/T_Brick_Cut_Stone_D.uasset" 569
"../../../VREscapeRoom/Content/StarterContent/Textures/T_Brick_Cut_Stone_N.uasset" 570
"../../../VREscapeRoom/Content/StarterContent/Materials/M_Brick_Cut_Stone.uasset" 571
"../../../VREscapeRoom/Content/StarterContent/Textures/T_Brick_Hewn_Stone_D.uasset" 572
"../../../VREscapeRoom/Content/StarterContent/Textures/T_Brick_Hewn_Stone_M.uasset" 573
"../../../VREscapeRoom/Content/StarterContent/Textures/T_Brick_Hewn_Stone_N.uasset" 574
"../../../VREscapeRoom/Content/StarterContent/Materials/M_Brick_Hewn_Stone.uasset" 575
"../../../VREscapeRoom/Content/StarterContent/Textures/T_Ceramic_Tile_M.uasset" 576
"../../../VREscapeRoom/Content/StarterContent/Textures/T_Ceramic_Tile_N.uasset" 577
"../../../VREscapeRoom/Content/StarterContent/Textures/T_Rock_Marble_Polished_D.uasset" 578
"../../../VREscapeRoom/Content/StarterContent/Materials/M_Ceramic_Tile_Checker.uasset" 579
"../../../VREscapeRoom/Content/StarterContent/Textures/T_CobbleStone_Pebble_D.uasset" 580
"../../../VREscapeRoom/Content/StarterContent/Textures/T_CobbleStone_Pebble_M.uasset" 581
"../../../VREscapeRoom/Content/StarterContent/Textures/T_CobbleStone_Pebble_N.uasset" 582
"../../../VREscapeRoom/Content/StarterContent/Materials/M_CobbleStone_Pebble.uasset" 583
"../../../VREscapeRoom/Content/StarterContent/Textures/T_CobbleStone_Rough_D.uasset" 584
"../../../VREscapeRoom/Content/StarterContent/Textures/T_CobbleStone_Rough_N.uasset" 585
"../../../VREscapeRoom/Content/StarterContent/Textures/T_Gradinet_01.uasset" 586
"../../../VREscapeRoom/Content/StarterContent/Textures/T_Rock_Smooth_Granite_D.uasset" 587
"../../../VREscapeRoom/Content/StarterContent/Materials/M_CobbleStone_Rough.uasset" 588
"../../../VREscapeRoom/Content/StarterContent/Textures/T_CobbleStone_Smooth_D.uasset" 589
"../../../VREscapeRoom/Content/StarterContent/Textures/T_CobbleStone_Smooth_M.uasset" 590
"../../../VREscapeRoom/Content/StarterContent/Textures/T_CobbleStone_Smooth_N.uasset" 591
"../../../VREscapeRoom/Content/StarterContent/Materials/M_CobbleStone_Smooth.uasset" 592
"../../../VREscapeRoom/Content/StarterContent/Textures/T_Concrete_Grime_D.uasset" 593
"../../../VREscapeRoom/Content/StarterContent/Textures/T_Metal_Rust_N.uasset" 594
"../../../VREscapeRoom/Content/StarterContent/Materials/M_Concrete_Grime.uasset" 595
"../../../VREscapeRoom/Content/StarterContent/Textures/T_Concrete_Panels_N.uasset" 596
"../../../VREscapeRoom/Content/StarterContent/Materials/M_Concrete_Panels.uasset" 597
"../../../VREscapeRoom/Content/StarterContent/Textures/T_Concrete_Poured_D.uasset" 598
"../../../VREscapeRoom/Content/StarterContent/Textures/T_Concrete_Poured_N.uasset" 599
"../../../VREscapeRoom/Content/StarterContent/Materials/M_Concrete_Poured.uasset" 600
"../../../VREscapeRoom/Content/StarterContent/Textures/T_Concrete_Tiles_D.uasset" 601
"../../../VREscapeRoom/Content/StarterContent/Textures/T_Concrete_Tiles_M.uasset" 602
"../../../VREscapeRoom/Content/StarterContent/Textures/T_Concrete_Tiles_N.uasset" 603
"../../../VREscapeRoom/Content/StarterContent/Textures/T_Concrete_Tiles_Variation_M.uasset" 604
"../../../VREscapeRoom/Content/StarterContent/Materials/M_Concrete_Tiles.uasset" 605
"../../../VREscapeRoom/Content/StarterContent/Textures/T_Ground_Grass_D.uasset" 606
"../../../VREscapeRoom/Content/StarterContent/Textures/T_Ground_Grass_N.uasset" 607
"../../../VREscapeRoom/Content/StarterContent/Materials/M_Ground_Grass.uasset" 608
"../../../VREscapeRoom/Content/StarterContent/Textures/T_Ground_Gravel_D.uasset" 609
"../../../VREscapeRoom/Content/StarterContent/Textures/T_Ground_Gravel_N.uasset" 610
"../../../VREscapeRoom/Content/StarterContent/Materials/M_Ground_Gravel.uasset" 611
"../../../VREscapeRoom/Content/StarterContent/Textures/T_ground_Moss_D.uasset" 612
"../../../VREscapeRoom/Content/StarterContent/Textures/T_Ground_Moss_N.uasset" 613
"../../../VREscapeRoom/Content/StarterContent/Materials/M_Ground_Moss.uasset" 614
"../../../VREscapeRoom/Content/StarterContent/Materials/M_Metal_Brushed_Nickel.uasset" 615
"../../../VREscapeRoom/Content/StarterContent/Textures/T_Metal_Aluminum_D.uasset" 616
"../../../VREscapeRoom/Content/StarterContent/Textures/T_Metal_Gold_N.uasset" 617
"../../../VREscapeRoom/Content/StarterContent/Materials/M_Metal_Burnished_Steel.uasset" 618
"../../../VREscapeRoom/Content/StarterContent/Materials/M_Metal_Chrome.uasset" 619
"../../../VREscapeRoom/Content/StarterContent/Textures/T_Metal_Copper_D.uasset" 620
"../../../VREscapeRoom/Content/StarterContent/Materials/M_Metal_Copper.uasset" 621
"../../../VREscapeRoom/Content/StarterContent/Textures/T_Metal_Gold_D.uasset" 622
"../../../VREscapeRoom/Content/StarterContent/Materials/M_Metal_Gold.uasset" 623
"../../../VREscapeRoom/Content/StarterContent/Textures/T_Metal_Rust_D.uasset" 624
"../../../VREscapeRoom/Content/StarterContent/Materials/M_Metal_Rust.uasset" 625
"../../../VREscapeRoom/Content/StarterContent/Textures/T_Metal_Steel_D.uasset" 626
"../../../VREscapeRoom/Content/StarterContent/Textures/T_Metal_Steel_N.uasset" 627
"../../../VREscapeRoom/Content/StarterContent/Materials/M_Metal_Steel.uasset" 628
"../../../VREscapeRoom/Content/StarterContent/Textures/T_Rock_Basalt_N.uasset" 629
"../../../VREscapeRoom/Content/StarterContent/Materials/M_Rock_Basalt.uasset" 630
"../../../VREscapeRoom/Content/StarterContent/Materials/M_Rock_Marble_Polished.uasset" 631
"../../../VREscapeRoom/Content/StarterContent/Textures/T_Rock_Sandstone_D.uasset" 632
"../../../VREscapeRoom/Content/StarterContent/Textures/T_Rock_Sandstone_N.uasset" 633
"../../../VREscapeRoom/Content/StarterContent/Materials/M_Rock_Sandstone.uasset" 634
"../../../VREscapeRoom/Content/StarterContent/Textures/T_Rock_Slate_D.uasset" 635
"../../../VREscapeRoom/Content/StarterContent/Textures/T_Rock_Slate_N.uasset" 636
"../../../VREscapeRoom/Content/StarterContent/Materials/M_Rock_Slate.uasset" 637
"../../../VREscapeRoom/Content/StarterContent/Textures/T_Checker_Noise_M.uasset" 638
"../../../VREscapeRoom/Content/StarterContent/Textures/T_Single_Tile_N.uasset" 639
"../../../VREscapeRoom/Content/StarterContent/Textures/T_Tech_Dot_M.uasset" 640
"../../../VREscapeRoom/Content/StarterContent/Textures/T_Tech_Dot_N.uasset" 641
"../../../VREscapeRoom/Content/StarterContent/Materials/M_Tech_Checker_Dot.uasset" 642
"../../../VREscapeRoom/Content/StarterContent/Textures/T_Tech_Hex_Tile_M.uasset" 643
"../../../VREscapeRoom/Content/StarterContent/Textures/T_Tech_Hex_Tile_N.uasset" 644
"../../../VREscapeRoom/Content/StarterContent/Materials/M_Tech_Hex_Tile.uasset" 645
"../../../VREscapeRoom/Content/StarterContent/Materials/M_Tech_Hex_Tile_Pulse.uasset" 646
"../../../VREscapeRoom/Content/StarterContent/Textures/T_Tech_Panel_M.uasset" 647
"../../../VREscapeRoom/Content/StarterContent/Textures/T_Tech_Panel_N.uasset" 648
"../../../VREscapeRoom/Content/StarterContent/Materials/M_Tech_Panel.uasset" 649
"../../../VREscapeRoom/Content/StarterContent/Materials/M_Water_Lake.uasset" 650
"../../../VREscapeRoom/Content/StarterContent/Textures/T_Water_M.uasset" 651
"../../../VREscapeRoom/Content/StarterContent/Materials/M_Water_Ocean.uasset" 652
"../../../VREscapeRoom/Content/StarterContent/Textures/T_Wood_Floor_Walnut_D.uasset" 653
"../../../VREscapeRoom/Content/StarterContent/Textures/T_Wood_Floor_Walnut_M.uasset" 654
"../../../VREscapeRoom/Content/StarterContent/Textures/T_Wood_Floor_Walnut_N.uasset" 655
"../../../VREscapeRoom/Content/StarterContent/Materials/M_Wood_Floor_Walnut_Polished.uasset" 656
"../../../Engine/Content/Functions/Engine_MaterialFunctions01/Opacity/AlphaOffset.uasset" 657
"../../../VREscapeRoom/Content/StarterContent/Materials/M_Wood_Floor_Walnut_Worn.uasset" 658
"../../../VREscapeRoom/Content/StarterContent/Textures/T_Wood_Oak_D.uasset" 659
"../../../VREscapeRoom/Content/StarterContent/Textures/T_Wood_Oak_N.uasset" 660
"../../../VREscapeRoom/Content/StarterContent/Materials/M_Wood_Oak.uasset" 661
"../../../VREscapeRoom/Content/StarterContent/Textures/T_Wood_Pine_D.uasset" 662
"../../../VREscapeRoom/Content/StarterContent/Textures/T_Wood_Pine_N.uasset" 663
"../../../VREscapeRoom/Content/StarterContent/Materials/M_Wood_Pine.uasset" 664
"../../../VREscapeRoom/Content/StarterContent/Textures/T_Wood_Walnut_D.uasset" 665
"../../../VREscapeRoom/Content/StarterContent/Textures/T_Wood_Walnut_N.uasset" 666
"../../../VREscapeRoom/Content/StarterContent/Materials/M_Wood_Walnut.uasset" 667
"../../../VREscapeRoom/Content/StarterContent/Architecture/Floor_400x400.uasset" 668
"../../../VREscapeRoom/Content/StarterContent/Architecture/Wall_400x200.uasset" 669
"../../../VREscapeRoom/Content/StarterContent/Architecture/Wall_Door_400x300.uasset" 670
"../../../VREscapeRoom/Content/StarterContent/Architecture/Wall_Window_400x300.uasset" 671
"../../../VREscapeRoom/Content/StarterContent/Audio/Collapse_Cue.uasset" 672
"../../../VREscapeRoom/Content/StarterContent/Audio/Starter_Background_Cue.uasset" 673
"../../../VREscapeRoom/Content/StarterContent/Audio/Starter_Music_Cue.uasset" 674
"../../../VREscapeRoom/Content/StarterContent/Textures/T_Dust_Particle_D.uasset" 675
"../../../VREscapeRoom/Content/StarterContent/Particles/Materials/M_Dust_Particle.uasset" 676
"../../../VREscapeRoom/Content/StarterContent/Particles/P_Ambient_Dust.uasset" 677
"../../../VREscapeRoom/Content/StarterContent/Props/MaterialSphere.uasset" 678
"../../../VREscapeRoom/Content/StarterContent/Props/SM_Chair.uasset" 679
"../../../VREscapeRoom/Content/StarterContent/Textures/T_Frame_M.uasset" 680
"../../../VREscapeRoom/Content/StarterContent/Textures/T_Frame_N.uasset" 681
"../../../VREscapeRoom/Content/StarterContent/Props/Materials/M_Frame.uasset" 682
"../../../VREscapeRoom/Content/StarterContent/Props/SM_CornerFrame.uasset" 683
"../../../VREscapeRoom/Content/StarterContent/Props/SM_DoorFrame.uasset" 684
"../../../VREscapeRoom/Content/StarterContent/Props/SM_GlassWindow.uasset" 685
"../../../VREscapeRoom/Content/StarterContent/Props/SM_PillarFrame.uasset" 686
"../../../VREscapeRoom/Content/StarterContent/Props/SM_PillarFrame300.uasset" 687
"../../../VREscapeRoom/Content/StarterContent/Textures/T_Statue_M.uasset" 688
"../../../VREscapeRoom/Content/StarterContent/Textures/T_Statue_N.uasset" 689
"../../../VREscapeRoom/Content/StarterContent/Props/Materials/M_Statue.uasset" 690
"../../../VREscapeRoom/Content/StarterContent/Props/Materials/M_StatueGlass.uasset" 691
"../../../VREscapeRoom/Content/StarterContent/Props/SM_Statue.uasset" 692
"../../../VREscapeRoom/Content/StarterContent/Textures/T_TableRound_M.uasset" 693
"../../../VREscapeRoom/Content/StarterContent/Textures/T_TableRound_N.uasset" 694
"../../../VREscapeRoom/Content/StarterContent/Props/Materials/M_TableRound.uasset" 695
"../../../VREscapeRoom/Content/StarterContent/Props/SM_TableRound.uasset" 696
"../../../VREscapeRoom/Content/StarterContent/Props/SM_WindowFrame.uasset" 697
"../../../VREscapeRoom/Content/StarterContent/Shapes/Shape_QuadPyramid.uasset" 698
"../../../VREscapeRoom/Content/StarterContent/Shapes/Shape_Sphere.uasset" 699
"../../../VREscapeRoom/Content/StarterContent/Maps/StarterMap.umap" 700
"../../../VREscapeRoom/Content/Meshes/black.uasset" 701
"../../../VREscapeRoom/Content/Meshes/deadbody.uasset" 702
"../../../VREscapeRoom/Content/VR_Assets/DoorFrame.uasset" 703
"../../../VREscapeRoom/Content/VR_Assets/Insaneart.umap" 704
"../../../VREscapeRoom/Content/test.uasset" 705
"../../../VREscapeRoom/Content/NewForceFeedbackEffect.uasset" 706
"../../../VREscapeRoom/Content/StarterContent/Maps/Minimal_Default.umap" 707
